#
# A fatal error has been detected by the Java Runtime Environment:
#
#  EXCEPTION_ACCESS_VIOLATION (0xc0000005) at pc=0x00007fff3b9aea42, pid=2484, tid=8768
#
# JRE version: OpenJDK Runtime Environment Temurin-21.0.8+9 (21.0.8+9) (build 21.0.8+9-LTS)
# Java VM: OpenJDK 64-Bit Server VM Temurin-21.0.8+9 (21.0.8+9-LTS, mixed mode, sharing, tiered, compressed oops, compressed class ptrs, parallel gc, windows-amd64)
# Problematic frame:
# V  [jvm.dll+0x6dea42]
#
# No core dump will be written. Minidumps are not enabled by default on client versions of Windows
#
# If you would like to submit a bug report, please visit:
#   https://github.com/adoptium/adoptium-support/issues
#

---------------  S U M M A R Y ------------

Command Line: --add-modules=ALL-SYSTEM --add-opens=java.base/java.util=ALL-UNNAMED --add-opens=java.base/java.lang=ALL-UNNAMED --add-opens=java.base/sun.nio.fs=ALL-UNNAMED -Declipse.application=org.eclipse.jdt.ls.core.id1 -Dosgi.bundles.defaultStartLevel=4 -Declipse.product=org.eclipse.jdt.ls.core.product -Djava.import.generatesMetadataFilesAtProjectRoot=false -DDetectVMInstallationsJob.disabled=true -Dfile.encoding=utf8 -XX:+UseParallelGC -XX:GCTimeRatio=4 -XX:AdaptiveSizePolicyWeight=90 -Dsun.zip.disableMemoryMapping=true -Xmx2G -Xms100m -Xlog:disable -javaagent:c:\Users\HP\.vscode\extensions\redhat.java-1.45.0-win32-x64\lombok\lombok-1.18.39-4050.jar -XX:+HeapDumpOnOutOfMemoryError -XX:HeapDumpPath=c:\Users\HP\AppData\Roaming\Code\User\workspaceStorage\93b953ca06b58dfc603e4bd48ddd228f\redhat.java -Daether.dependencyCollector.impl=bf c:\Users\HP\.vscode\extensions\redhat.java-1.45.0-win32-x64\server\plugins\org.eclipse.equinox.launcher_1.7.0.v20250519-0528.jar -configuration c:\Users\HP\AppData\Roaming\Code\User\globalStorage\redhat.java\1.45.0\config_win -data c:\Users\HP\AppData\Roaming\Code\User\workspaceStorage\93b953ca06b58dfc603e4bd48ddd228f\redhat.java\jdt_ws --pipe=\\.\pipe\lsp-da21e4bf6dd26b2c861f359821dc08d2-sock

Host: AMD Ryzen 5 5500U with Radeon Graphics         , 12 cores, 7G,  Windows 11 , 64 bit Build 26100 (10.0.26100.5074)
Time: Sat Sep 20 00:09:12 2025 India Standard Time elapsed time: 19785.601097 seconds (0d 5h 29m 45s)

---------------  T H R E A D  ---------------

Current thread (0x000002878c1b3890):  WorkerThread "GC Thread#7"    [id=8768, stack(0x000000f857200000,0x000000f857300000) (1024K)]

Stack: [0x000000f857200000,0x000000f857300000],  sp=0x000000f8572ff540,  free space=1021k
Native frames: (J=compiled Java code, j=interpreted, Vv=VM code, C=native code)
V  [jvm.dll+0x6dea42]
V  [jvm.dll+0x6dc1c6]
V  [jvm.dll+0x6dca7e]
V  [jvm.dll+0x707513]
V  [jvm.dll+0x706c08]
V  [jvm.dll+0x70dcab]
V  [jvm.dll+0x70eaec]
V  [jvm.dll+0x8dc2e7]
V  [jvm.dll+0x857e6b]
V  [jvm.dll+0x6d0b0d]
C  [ucrtbase.dll+0x37b0]
C  [KERNEL32.DLL+0x2e8d7]
C  [ntdll.dll+0x8d9c]


siginfo: EXCEPTION_ACCESS_VIOLATION (0xc0000005), reading address 0x000002cf41da9eb0


Registers:
RAX=0x0000028741cf0000, RBX=0x0000000082e7acf8, RCX=0x00000000000000a3, RDX=0x00000240005cf5a3
RSP=0x000000f8572ff540, RBP=0x000000f8572ff620, RSI=0x0000000082e7acf8, RDI=0x000002872d8f4540
R8 =0x000002cf41da9eb0, R9 =0x000002873fda9eb0, R10=0x0000000000000001, R11=0x0000024000000005
R12=0x00007fff3bf0f250, R13=0x000000f8566fe980, R14=0x000002874500ed10, R15=0x0000000082e7ace0
RIP=0x00007fff3b9aea42, EFLAGS=0x0000000000010213

XMM[0]=0x0000000000017800 0x00000000821b0e48
XMM[1]=0x0000000000000000 0x0000000000000000
XMM[2]=0x0000000000000000 0x0000000000000000
XMM[3]=0x0000000000000000 0x0000000000000000
XMM[4]=0x0000000000000000 0x0000000000000000
XMM[5]=0x0000000000000000 0x0000000000000000
XMM[6]=0x0000000000000000 0x0000000000000000
XMM[7]=0x0000000000000000 0x0000000000000000
XMM[8]=0x0000000000000000 0x0000000000000000
XMM[9]=0x0000000000000000 0x0000000000000000
XMM[10]=0x0000000000000000 0x0000000000000000
XMM[11]=0x0000000000000000 0x0000000000000000
XMM[12]=0x0000000000000000 0x0000000000000000
XMM[13]=0x0000000000000000 0x0000000000000000
XMM[14]=0x0000000000000000 0x0000000000000000
XMM[15]=0x0000000000000000 0x0000000000000000
  MXCSR=0x00001fa0


Register to memory mapping:

RAX=0x0000028741cf0000 points into unknown readable memory: 0x0892494928000004 | 04 00 00 28 49 49 92 08
RBX=0x0000000082e7acf8 points into unknown readable memory: 0x0000000000000009 | 09 00 00 00 00 00 00 00
RCX=0x00000000000000a3 is an unknown value
RDX=0x00000240005cf5a3 is an unknown value
RSP=0x000000f8572ff540 points into unknown readable memory: 0x0000000082e7adf8 | f8 ad e7 82 00 00 00 00
RBP=0x000000f8572ff620 points into unknown readable memory: 0x00007fff3bd61be0 | e0 1b d6 3b ff 7f 00 00
RSI=0x0000000082e7acf8 points into unknown readable memory: 0x0000000000000009 | 09 00 00 00 00 00 00 00
RDI=0x000002872d8f4540 points into unknown readable memory: 0x000002872d7be9c0 | c0 e9 7b 2d 87 02 00 00
R8 =0x000002cf41da9eb0 is an unknown value
R9 =0x000002873fda9eb0 points into unknown readable memory: 0x9024489091209024 | 24 90 20 91 90 48 24 90
R10=0x0000000000000001 is an unknown value
R11=0x0000024000000005 is an unknown value
R12=0x00007fff3bf0f250 jvm.dll
R13=0x000000f8566fe980 points into unknown readable memory: 0x00007fff3bd62640 | 40 26 d6 3b ff 7f 00 00
R14={method} {0x000002874500ed18} 'equals' '(Ljava/lang/Object;)Z' in 'java/lang/String'
R15=0x0000000082e7ace0 is an oop: java.lang.String 
{0x0000000082e7ace0} - klass: 'java/lang/String'
 - ---- fields (total size 3 words):
 - private 'hash' 'I' @12  0 (0x00000000)
 - private final 'coder' 'B' @16  0 (0x00)
 - private 'hashIsZero' 'Z' @17  false (0x00)
 - injected 'flags' 'B' @18  0 (0x00)
 - private final 'value' '[B' @20  
[error occurred during error reporting (printing register info), id 0xc0000005, EXCEPTION_ACCESS_VIOLATION (0xc0000005) at pc=0x00007fff3b98d336]

Top of Stack: (sp=0x000000f8572ff540)
0x000000f8572ff540:   0000000082e7adf8 000002872d8f4540
0x000000f8572ff550:   0000000000000000 00007fffc259af2c
0x000000f8572ff560:   0000000082e7acf8 00007fff3b9ac1c6
0x000000f8572ff570:   00007fff3bd61be0 00007fff3b9aea7a
0x000000f8572ff580:   0000000082e7ad58 0000000082e7ad50
0x000000f8572ff590:   000002874500ed08 00007fff3b9aca7e
0x000000f8572ff5a0:   0000000082e7acf4 00007fff3b9d6a48
0x000000f8572ff5b0:   00007fff3bd61be0 0000000000000000
0x000000f8572ff5c0:   00007fff3bd61be0 0000000000000000
0x000000f8572ff5d0:   0000000082e7ace0 00007fff3b9d7513
0x000000f8572ff5e0:   0000000000000912 000002872d8f4540
0x000000f8572ff5f0:   00007fff3bcc07b0 00007fff3b9a13ba
0x000000f8572ff600:   000002878c1b3890 00007fff3b9aea7a
0x000000f8572ff610:   0000000081c4e508 00007fff3b9aea7a
0x000000f8572ff620:   00007fff3bd61be0 000002872d86e180
0x000000f8572ff630:   00007fff00000004 000002872d8f4540
0x000000f8572ff640:   00007fff3bd61be0 0000000000000000
0x000000f8572ff650:   00007fff3bf0f250 0000000000000000
0x000000f8572ff660:   000000f8566feac0 00007fff3b9d6c08
0x000000f8572ff670:   000002874638be18 00007fff3b9aca7e
0x000000f8572ff680:   000002872d8f4540 000002872d8f4540
0x000000f8572ff690:   00007fff3bd61be0 0000000000000000
0x000000f8572ff6a0:   0000000000000000 0000000000000000
0x000000f8572ff6b0:   0000000000000008 00007fff3b9ddcab
0x000000f8572ff6c0:   0000000000000008 0000000082b30ab0
0x000000f8572ff6d0:   000002872d8f4540 0000000082b30ab0
0x000000f8572ff6e0:   0000000000000000 0000000000000000
0x000000f8572ff6f0:   00007fff3bd61be0 000002872d86e180
0x000000f8572ff700:   0000028700000004 000002872d8f4540
0x000000f8572ff710:   0000000000000070 0000028787bb8330
0x000000f8572ff720:   000002872d8f4540 000002878c137180
0x000000f8572ff730:   0000000000000008 00007fff3b9deaec 

Instructions: (pc=0x00007fff3b9aea42)
0x00007fff3b9ae942:   4c 8b c6 48 2b cb 48 ff c1 48 03 f9 48 8d 50 01
0x00007fff3b9ae952:   49 8d 4e 10 e8 15 f9 ff ff 48 8b d8 48 3b c5 72
0x00007fff3b9ae962:   cd 8b 0d 43 28 55 00 48 8b 5c 24 40 48 8b 6c 24
0x00007fff3b9ae972:   48 48 8b 74 24 50 48 d3 e7 48 8b c7 48 83 c4 20
0x00007fff3b9ae982:   41 5f 41 5e 5f c3 cc cc cc cc cc cc cc cc 40 53
0x00007fff3b9ae992:   48 83 ec 20 48 8b d9 e8 f2 da 92 ff 8b 0d 08 28
0x00007fff3b9ae9a2:   55 00 4c 8b c3 4c 2b 05 92 b9 5d 00 41 ba 01 00
0x00007fff3b9ae9b2:   00 00 49 c1 e8 03 4c 8b d8 49 d3 e8 48 8b 0d 8b
0x00007fff3b9ae9c2:   b9 5d 00 49 8b d0 48 c1 ea 06 48 8b 04 d1 4c 8d
0x00007fff3b9ae9d2:   0c d1 41 0f b6 c8 41 8b d2 80 e1 3f 48 d3 e2 48
0x00007fff3b9ae9e2:   8b c8 48 0b ca 48 3b c8 74 16 0f 1f 40 00 f0 49
0x00007fff3b9ae9f2:   0f b1 09 74 13 48 8b c8 48 0b ca 48 3b c8 75 ee
0x00007fff3b9aea02:   32 c0 48 83 c4 20 5b c3 8b 0d 9c 27 55 00 4a 8d
0x00007fff3b9aea12:   14 dd 00 00 00 00 48 2b 15 21 b9 5d 00 48 8b 05
0x00007fff3b9aea22:   3a b9 5d 00 48 83 c2 f8 48 03 d3 48 c1 ea 03 48
0x00007fff3b9aea32:   d3 ea 48 8b ca 48 c1 e9 06 4c 8d 04 c8 0f b6 ca
0x00007fff3b9aea42:   49 8b 00 80 e1 3f 49 d3 e2 48 8b c8 49 0b ca 48
0x00007fff3b9aea52:   3b c8 74 12 f0 49 0f b1 08 74 0b 48 8b c8 49 0b
0x00007fff3b9aea62:   ca 48 3b c8 75 ee 4d 8b c3 48 8d 0d 0e b9 5d 00
0x00007fff3b9aea72:   48 8b d3 e8 56 af 02 00 80 3d ee 2a 55 00 00 74
0x00007fff3b9aea82:   15 8b 43 08 8b 0d ac 15 55 00 48 d3 e0 48 03 05
0x00007fff3b9aea92:   9a 15 55 00 eb 04 48 8b 43 08 83 78 0c 04 75 17
0x00007fff3b9aeaa2:   48 63 05 7f 42 5b 00 0f b6 04 18 a8 08 75 08 48
0x00007fff3b9aeab2:   8b cb e8 87 59 0c 00 b0 01 48 83 c4 20 5b c3 cc
0x00007fff3b9aeac2:   cc cc cc cc cc cc cc cc cc cc cc cc cc cc 48 89
0x00007fff3b9aead2:   5c 24 08 48 89 7c 24 10 4c 8b d9 4c 8b d2 4c 2b
0x00007fff3b9aeae2:   11 48 8b da 8b 0d c0 26 55 00 49 8b f8 49 c1 ea
0x00007fff3b9aeaf2:   03 49 8b 43 10 49 d3 ea 41 0f b6 ca 4d 8b ca 80
0x00007fff3b9aeb02:   e1 3f 49 c1 e9 06 4e 8d 04 c8 41 b9 01 00 00 00
0x00007fff3b9aeb12:   49 8b 00 41 8b d1 48 d3 e2 48 8b c8 48 0b ca 48
0x00007fff3b9aeb22:   3b c8 74 12 f0 49 0f b1 08 74 18 48 8b c8 48 0b
0x00007fff3b9aeb32:   ca 48 3b c8 75 ee 32 c0 48 8b 5c 24 08 48 8b 7c 


Stack slot to memory mapping:

stack at sp + 0 slots: 0x0000000082e7adf8 is an oop: [B 
{0x0000000082e7adf8} - klass: {type array byte}
 - length: 46
stack at sp + 1 slots: 0x000002872d8f4540 points into unknown readable memory: 0x000002872d7be9c0 | c0 e9 7b 2d 87 02 00 00
stack at sp + 2 slots: 0x0 is null
stack at sp + 3 slots: 0x00007fffc259af2c ntdll.dll
stack at sp + 4 slots: 0x0000000082e7acf8 points into unknown readable memory: 0x0000000000000009 | 09 00 00 00 00 00 00 00
stack at sp + 5 slots: 0x00007fff3b9ac1c6 jvm.dll
stack at sp + 6 slots: 0x00007fff3bd61be0 jvm.dll
stack at sp + 7 slots: 0x00007fff3b9aea7a jvm.dll


---------------  P R O C E S S  ---------------

Threads class SMR info:
_java_thread_list=0x00000287911e36a0, length=64, elements={
0x000002872d85bd80, 0x000002872d7fdce0, 0x000002872d8f7fb0, 0x000002872d8fcf10,
0x000002872d8fd5a0, 0x000002872d8fe2c0, 0x000002872d8fc880, 0x00000287865789f0,
0x0000028786579c00, 0x000002872d8fdc30, 0x000002872d8fe950, 0x000002872d8fefe0,
0x000002872d8fbb60, 0x000002872d8fc1f0, 0x000002878764e210, 0x000002878764e8a0,
0x000002878764fc50, 0x000002878764f5c0, 0x00000287876502e0, 0x00000287876530d0,
0x0000028787653760, 0x0000028787651000, 0x00000287876523b0, 0x0000028787654b10,
0x0000028787651690, 0x0000028787651d20, 0x000002878e5159e0, 0x000002878e515350,
0x000002878e516070, 0x000002878e517ab0, 0x000002878e516700, 0x000002878e517420,
0x000002878e516d90, 0x000002878e514cc0, 0x000002878e514630, 0x000002878e5187d0,
0x000002878ee4c190, 0x000002878ee4bb00, 0x000002878ee49a30, 0x000002878764d4f0,
0x000002878cd24b80, 0x000002878cd21d90, 0x000002878cd1e910, 0x000002878cd25210,
0x000002878cd237d0, 0x000002878cd244f0, 0x000002878cd258a0, 0x000002878cd22420,
0x000002878f6ea020, 0x000002878f6e9990, 0x000002878f6ead40, 0x000002878f6eb3d0,
0x000002878f6e8c70, 0x000002878f6edb30, 0x000002878f6ece10, 0x000002878f6ee1c0,
0x000002878f6ee850, 0x000002878f6eeee0, 0x000002878f6ec780, 0x000002878f6f0290,
0x000002878cf5a510, 0x000002878cf5bf50, 0x000002878cf5d990, 0x000002878cf5e020
}

Java Threads: ( => current thread )
  0x000002872d85bd80 JavaThread "main"                              [_thread_blocked, id=5944, stack(0x000000f856300000,0x000000f856400000) (1024K)]
  0x000002872d7fdce0 JavaThread "Reference Handler"          daemon [_thread_blocked, id=8696, stack(0x000000f856700000,0x000000f856800000) (1024K)]
  0x000002872d8f7fb0 JavaThread "Finalizer"                  daemon [_thread_blocked, id=14116, stack(0x000000f856800000,0x000000f856900000) (1024K)]
  0x000002872d8fcf10 JavaThread "Signal Dispatcher"          daemon [_thread_blocked, id=6340, stack(0x000000f856900000,0x000000f856a00000) (1024K)]
  0x000002872d8fd5a0 JavaThread "Attach Listener"            daemon [_thread_blocked, id=4736, stack(0x000000f856a00000,0x000000f856b00000) (1024K)]
  0x000002872d8fe2c0 JavaThread "Service Thread"             daemon [_thread_blocked, id=7872, stack(0x000000f856b00000,0x000000f856c00000) (1024K)]
  0x000002872d8fc880 JavaThread "Monitor Deflation Thread"   daemon [_thread_blocked, id=12384, stack(0x000000f856c00000,0x000000f856d00000) (1024K)]
  0x00000287865789f0 JavaThread "C2 CompilerThread0"         daemon [_thread_blocked, id=10140, stack(0x000000f856d00000,0x000000f856e00000) (1024K)]
  0x0000028786579c00 JavaThread "C1 CompilerThread0"         daemon [_thread_blocked, id=7664, stack(0x000000f856e00000,0x000000f856f00000) (1024K)]
  0x000002872d8fdc30 JavaThread "Common-Cleaner"             daemon [_thread_blocked, id=16756, stack(0x000000f856f00000,0x000000f857000000) (1024K)]
  0x000002872d8fe950 JavaThread "Notification Thread"        daemon [_thread_blocked, id=15716, stack(0x000000f857100000,0x000000f857200000) (1024K)]
  0x000002872d8fefe0 JavaThread "Active Thread: Equinox Container: 0a79c569-9338-482b-ace6-23a8bdd29ddc"        [_thread_blocked, id=15800, stack(0x000000f857900000,0x000000f857a00000) (1024K)]
  0x000002872d8fbb60 JavaThread "Refresh Thread: Equinox Container: 0a79c569-9338-482b-ace6-23a8bdd29ddc" daemon [_thread_blocked, id=2136, stack(0x000000f857000000,0x000000f857100000) (1024K)]
  0x000002872d8fc1f0 JavaThread "Framework Event Dispatcher: Equinox Container: 0a79c569-9338-482b-ace6-23a8bdd29ddc" daemon [_thread_blocked, id=15380, stack(0x000000f857a00000,0x000000f857b00000) (1024K)]
  0x000002878764e210 JavaThread "Start Level: Equinox Container: 0a79c569-9338-482b-ace6-23a8bdd29ddc" daemon [_thread_blocked, id=5716, stack(0x000000f857b00000,0x000000f857c00000) (1024K)]
  0x000002878764e8a0 JavaThread "Bundle File Closer"         daemon [_thread_blocked, id=18356, stack(0x000000f857c00000,0x000000f857d00000) (1024K)]
  0x000002878764fc50 JavaThread "SCR Component Actor"        daemon [_thread_blocked, id=7176, stack(0x000000f857f00000,0x000000f858000000) (1024K)]
  0x000002878764f5c0 JavaThread "Worker-JM"                         [_thread_blocked, id=7164, stack(0x000000f858200000,0x000000f858300000) (1024K)]
  0x00000287876502e0 JavaThread "JNA Cleaner"                daemon [_thread_blocked, id=17188, stack(0x000000f858300000,0x000000f858400000) (1024K)]
  0x00000287876530d0 JavaThread "Java indexing"              daemon [_thread_blocked, id=3988, stack(0x000000f858600000,0x000000f858700000) (1024K)]
  0x0000028787653760 JavaThread "Thread-2"                   daemon [_thread_in_native, id=11560, stack(0x000000f858c00000,0x000000f858d00000) (1024K)]
  0x0000028787651000 JavaThread "Thread-3"                   daemon [_thread_in_native, id=9272, stack(0x000000f858d00000,0x000000f858e00000) (1024K)]
  0x00000287876523b0 JavaThread "Thread-4"                   daemon [_thread_in_native, id=14108, stack(0x000000f858e00000,0x000000f858f00000) (1024K)]
  0x0000028787654b10 JavaThread "Thread-5"                   daemon [_thread_in_native, id=14472, stack(0x000000f858f00000,0x000000f859000000) (1024K)]
  0x0000028787651690 JavaThread "Thread-6"                   daemon [_thread_in_native, id=11148, stack(0x000000f859000000,0x000000f859100000) (1024K)]
  0x0000028787651d20 JavaThread "Thread-7"                   daemon [_thread_in_native, id=6388, stack(0x000000f859100000,0x000000f859200000) (1024K)]
  0x000002878e5159e0 JavaThread "Thread-8"                   daemon [_thread_in_native, id=12764, stack(0x000000f859200000,0x000000f859300000) (1024K)]
  0x000002878e515350 JavaThread "Thread-9"                   daemon [_thread_in_native, id=10128, stack(0x000000f859300000,0x000000f859400000) (1024K)]
  0x000002878e516070 JavaThread "Thread-10"                  daemon [_thread_in_native, id=12864, stack(0x000000f859400000,0x000000f859500000) (1024K)]
  0x000002878e517ab0 JavaThread "Thread-11"                  daemon [_thread_in_native, id=9988, stack(0x000000f859500000,0x000000f859600000) (1024K)]
  0x000002878e516700 JavaThread "Thread-12"                  daemon [_thread_in_native, id=17288, stack(0x000000f859600000,0x000000f859700000) (1024K)]
  0x000002878e517420 JavaThread "Thread-13"                  daemon [_thread_in_native, id=16712, stack(0x000000f859700000,0x000000f859800000) (1024K)]
  0x000002878e516d90 JavaThread "Thread-14"                  daemon [_thread_in_native, id=15124, stack(0x000000f859800000,0x000000f859900000) (1024K)]
  0x000002878e514cc0 JavaThread "pool-2-thread-1"                   [_thread_blocked, id=16028, stack(0x000000f859900000,0x000000f859a00000) (1024K)]
  0x000002878e514630 JavaThread "WorkspaceEventsHandler"            [_thread_blocked, id=11564, stack(0x000000f859a00000,0x000000f859b00000) (1024K)]
  0x000002878e5187d0 JavaThread "pool-1-thread-1"                   [_thread_blocked, id=5684, stack(0x000000f859b00000,0x000000f859c00000) (1024K)]
  0x000002878ee4c190 JavaThread "Java Debug Server"          daemon [_thread_in_native, id=18044, stack(0x000000f85bd00000,0x000000f85be00000) (1024K)]
  0x000002878ee4bb00 JavaThread "RxSchedulerPurge-1"         daemon [_thread_blocked, id=7196, stack(0x000000f85bf00000,0x000000f85c000000) (1024K)]
  0x000002878ee49a30 JavaThread "RxCachedWorkerPoolEvictor-1" daemon [_thread_blocked, id=11668, stack(0x000000f85c000000,0x000000f85c100000) (1024K)]
  0x000002878764d4f0 JavaThread "Cleaner-0"                  daemon [_thread_blocked, id=12636, stack(0x000000f856200000,0x000000f856300000) (1024K)]
  0x000002878cd24b80 JavaThread "Worker-21"                         [_thread_blocked, id=12464, stack(0x000000f858400000,0x000000f858500000) (1024K)]
  0x000002878cd21d90 JavaThread "ForkJoinPool.commonPool-worker-26" daemon [_thread_blocked, id=15996, stack(0x000000f856000000,0x000000f856100000) (1024K)]
  0x000002878cd1e910 JavaThread "ForkJoinPool.commonPool-worker-27" daemon [_thread_blocked, id=2912, stack(0x000000f856100000,0x000000f856200000) (1024K)]
  0x000002878cd25210 JavaThread "ForkJoinPool.commonPool-worker-28" daemon [_thread_blocked, id=3468, stack(0x000000f858000000,0x000000f858100000) (1024K)]
  0x000002878cd237d0 JavaThread "Worker-22"                         [_thread_blocked, id=17636, stack(0x000000f858100000,0x000000f858200000) (1024K)]
  0x000002878cd244f0 JavaThread "Compiler Source File Reader" daemon [_thread_blocked, id=11280, stack(0x000000f858500000,0x000000f858600000) (1024K)]
  0x000002878cd258a0 JavaThread "Worker-23"                         [_thread_blocked, id=19864, stack(0x000000f858700000,0x000000f858800000) (1024K)]
  0x000002878cd22420 JavaThread "Compiler Source File Reader" daemon [_thread_blocked, id=9488, stack(0x000000f858800000,0x000000f858900000) (1024K)]
  0x000002878f6ea020 JavaThread "Compiler Processing Task"   daemon [_thread_blocked, id=21284, stack(0x000000f858900000,0x000000f858a00000) (1024K)]
  0x000002878f6e9990 JavaThread "Compiler Source File Reader" daemon [_thread_blocked, id=6316, stack(0x000000f858a00000,0x000000f858b00000) (1024K)]
  0x000002878f6ead40 JavaThread "ForkJoinPool.commonPool-worker-29" daemon [_thread_blocked, id=4188, stack(0x000000f858b00000,0x000000f858c00000) (1024K)]
  0x000002878f6eb3d0 JavaThread "Compiler Source File Reader" daemon [_thread_blocked, id=10460, stack(0x000000f859c00000,0x000000f859d00000) (1024K)]
  0x000002878f6e8c70 JavaThread "Compiler Source File Reader" daemon [_thread_blocked, id=14428, stack(0x000000f859d00000,0x000000f859e00000) (1024K)]
  0x000002878f6edb30 JavaThread "Compiler Source File Reader" daemon [_thread_blocked, id=18424, stack(0x000000f859f00000,0x000000f85a000000) (1024K)]
  0x000002878f6ece10 JavaThread "Compiler Source File Reader" daemon [_thread_blocked, id=19652, stack(0x000000f85a000000,0x000000f85a100000) (1024K)]
  0x000002878f6ee1c0 JavaThread "Compiler Source File Reader" daemon [_thread_blocked, id=19572, stack(0x000000f85a100000,0x000000f85a200000) (1024K)]
  0x000002878f6ee850 JavaThread "Compiler Source File Reader" daemon [_thread_blocked, id=20096, stack(0x000000f85a200000,0x000000f85a300000) (1024K)]
  0x000002878f6eeee0 JavaThread "Compiler Source File Reader" daemon [_thread_blocked, id=17788, stack(0x000000f85a300000,0x000000f85a400000) (1024K)]
  0x000002878f6ec780 JavaThread "ForkJoinPool.commonPool-worker-30" daemon [_thread_blocked, id=21464, stack(0x000000f85a500000,0x000000f85a600000) (1024K)]
  0x000002878f6f0290 JavaThread "ForkJoinPool.commonPool-worker-31" daemon [_thread_blocked, id=16388, stack(0x000000f85a600000,0x000000f85a700000) (1024K)]
  0x000002878cf5a510 JavaThread "Worker-25"                         [_thread_blocked, id=19564, stack(0x000000f85a700000,0x000000f85a800000) (1024K)]
  0x000002878cf5bf50 JavaThread "pool-1-thread-8"                   [_thread_blocked, id=21100, stack(0x000000f859e00000,0x000000f859f00000) (1024K)]
  0x000002878cf5d990 JavaThread "Worker-26"                         [_thread_blocked, id=12940, stack(0x000000f85a400000,0x000000f85a500000) (1024K)]
  0x000002878cf5e020 JavaThread "ForkJoinPool.commonPool-worker-32" daemon [_thread_blocked, id=15876, stack(0x000000f85a800000,0x000000f85a900000) (1024K)]
Total: 64

Other Threads:
  0x000002872d7e2b20 VMThread "VM Thread"                           [id=18440, stack(0x000000f856600000,0x000000f856700000) (1024K)]
  0x000002872d6dca00 WatcherThread "VM Periodic Task Thread"        [id=17672, stack(0x000000f856500000,0x000000f856600000) (1024K)]
  0x000002872d86d0e0 WorkerThread "GC Thread#0"                     [id=10332, stack(0x000000f856400000,0x000000f856500000) (1024K)]
  0x0000028787ae1e50 WorkerThread "GC Thread#1"                     [id=15400, stack(0x000000f857300000,0x000000f857400000) (1024K)]
  0x00000287877872c0 WorkerThread "GC Thread#2"                     [id=18360, stack(0x000000f857400000,0x000000f857500000) (1024K)]
  0x0000028787787660 WorkerThread "GC Thread#3"                     [id=376, stack(0x000000f857500000,0x000000f857600000) (1024K)]
  0x000002878757a440 WorkerThread "GC Thread#4"                     [id=16728, stack(0x000000f857600000,0x000000f857700000) (1024K)]
  0x000002878757a7e0 WorkerThread "GC Thread#5"                     [id=17968, stack(0x000000f857700000,0x000000f857800000) (1024K)]
  0x000002878757ab80 WorkerThread "GC Thread#6"                     [id=2340, stack(0x000000f857800000,0x000000f857900000) (1024K)]
=>0x000002878c1b3890 WorkerThread "GC Thread#7"                     [id=8768, stack(0x000000f857200000,0x000000f857300000) (1024K)]
  0x00000287868e4ca0 WorkerThread "GC Thread#8"                     [id=10956, stack(0x000000f857d00000,0x000000f857e00000) (1024K)]
  0x00000287868e5040 WorkerThread "GC Thread#9"                     [id=9896, stack(0x000000f857e00000,0x000000f857f00000) (1024K)]
Total: 12

Threads with active compile tasks:
Total: 0

VM state: at safepoint (normal execution)

VM Mutex/Monitor currently owned by a thread:  ([mutex/lock_event])
[0x00007fff3bf85458] Threads_lock - owner thread: 0x000002872d7e2b20
[0x00007fff3bf85558] Heap_lock - owner thread: 0x000002878f6f0290

Heap address: 0x0000000080000000, size: 2048 MB, Compressed Oops mode: 32-bit

CDS archive(s) mapped at: [0x0000028745000000-0x0000028745ba0000-0x0000028745ba0000), size 12189696, SharedBaseAddress: 0x0000028745000000, ArchiveRelocationMode: 1.
Compressed class space mapped at: 0x0000028746000000-0x0000028786000000, reserved size: 1073741824
Narrow klass base: 0x0000028745000000, Narrow klass shift: 0, Narrow klass range: 0x100000000

GC Precious Log:
 CardTable entry size: 512
 CPUs: 12 total, 12 available
 Memory: 7501M
 Large Page Support: Disabled
 NUMA Support: Disabled
 Compressed Oops: Enabled (32-bit)
 Alignments: Space 512K, Generation 512K, Heap 2M
 Heap Min Capacity: 100M
 Heap Initial Capacity: 100M
 Heap Max Capacity: 2G
 Pre-touch: Disabled
 Parallel Workers: 10

Heap:
 PSYoungGen      total 7168K, used 6608K [0x00000000d5580000, 0x00000000d5f80000, 0x0000000100000000)
  eden space 4096K, 100% used [0x00000000d5580000,0x00000000d5980000,0x00000000d5980000)
  from space 3072K, 81% used [0x00000000d5c80000,0x00000000d5ef4000,0x00000000d5f80000)
  to   space 3072K, 9% used [0x00000000d5980000,0x00000000d59c8000,0x00000000d5c80000)
 ParOldGen       total 1398272K, used 1398264K [0x0000000080000000, 0x00000000d5580000, 0x00000000d5580000)
  object space 1398272K, 99% used [0x0000000080000000,0x00000000d557e2d8,0x00000000d5580000)
 Metaspace       used 88071K, committed 89600K, reserved 1179648K
  class space    used 8636K, committed 9344K, reserved 1048576K

Card table byte_map: [0x000002872d1f0000,0x000002872d600000] _byte_map_base: 0x000002872cdf0000

Marking Bits: (ParMarkBitMap*) 0x00007fff3bf8a340
 Begin Bits: [0x000002873fcf0000, 0x0000028741cf0000)
 End Bits:   [0x0000028741cf0000, 0x0000028743cf0000)

Polling page: 0x000002872b640000

Metaspace:

Usage:
  Non-class:     77.57 MB used.
      Class:      8.43 MB used.
       Both:     86.01 MB used.

Virtual space:
  Non-class space:      128.00 MB reserved,      78.38 MB ( 61%) committed,  2 nodes.
      Class space:        1.00 GB reserved,       9.12 MB ( <1%) committed,  1 nodes.
             Both:        1.12 GB reserved,      87.50 MB (  8%) committed. 

Chunk freelists:
   Non-Class:  880.00 KB
       Class:  6.86 MB
        Both:  7.72 MB

MaxMetaspaceSize: unlimited
CompressedClassSpaceSize: 1.00 GB
Initial GC threshold: 21.00 MB
Current GC threshold: 142.75 MB
CDS: on
 - commit_granule_bytes: 65536.
 - commit_granule_words: 8192.
 - virtual_space_node_default_size: 8388608.
 - enlarge_chunks_in_place: 1.
 - use_allocation_guard: 0.


Internal statistics:

num_allocs_failed_limit: 9.
num_arena_births: 1828.
num_arena_deaths: 384.
num_vsnodes_births: 3.
num_vsnodes_deaths: 0.
num_space_committed: 1400.
num_space_uncommitted: 0.
num_chunks_returned_to_freelist: 442.
num_chunks_taken_from_freelist: 6489.
num_chunk_merges: 120.
num_chunk_splits: 3732.
num_chunks_enlarged: 2052.
num_inconsistent_stats: 0.

CodeHeap 'non-profiled nmethods': size=120000Kb used=29969Kb max_used=29969Kb free=90030Kb
 bounds [0x0000028738510000, 0x000002873a260000, 0x000002873fa40000]
CodeHeap 'profiled nmethods': size=120000Kb used=45757Kb max_used=51010Kb free=74243Kb
 bounds [0x0000028730a40000, 0x0000028733c20000, 0x0000028737f70000]
CodeHeap 'non-nmethods': size=5760Kb used=1499Kb max_used=1575Kb free=4260Kb
 bounds [0x0000028737f70000, 0x00000287381e0000, 0x0000028738510000]
CodeCache: size=245760Kb, used=77225Kb, max_used=82554Kb, free=168533Kb
 total_blobs=20432, nmethods=19611, adapters=720, full_count=0
Compilation: enabled, stopped_count=0, restarted_count=0

Compilation events (20 events):
Event: 19784.456 Thread 0x0000028786579c00 nmethod 27730 0x000002873217de10 code [0x000002873217e280, 0x00000287321803e0]
Event: 19784.456 Thread 0x0000028786579c00 27732       3       org.eclipse.jdt.internal.corext.refactoring.code.ExtractMethodAnalyzer::initReturnType (450 bytes)
Event: 19784.457 Thread 0x00000287865789f0 nmethod 27726 0x000002873a24e790 code [0x000002873a24e960, 0x000002873a24efb0]
Event: 19784.457 Thread 0x00000287865789f0 27733       4       org.eclipse.jdt.internal.corext.refactoring.code.flow.FlowInfo::mergeSequential (17 bytes)
Event: 19784.460 Thread 0x0000028786579c00 nmethod 27732 0x0000028732c43510 code [0x0000028732c43b40, 0x0000028732c47548]
Event: 19784.463 Thread 0x0000028786579c00 27734       3       org.eclipse.jdt.ls.core.internal.corext.refactoring.code.ExtractFieldRefactoring::getMethodDeclaration (18 bytes)
Event: 19784.463 Thread 0x0000028786579c00 nmethod 27734 0x0000028732ef3e10 code [0x0000028732ef4040, 0x0000028732ef46f0]
Event: 19784.489 Thread 0x00000287865789f0 nmethod 27733 0x000002873a24f290 code [0x000002873a24f620, 0x000002873a250f40]
Event: 19784.489 Thread 0x00000287865789f0 27731       4       org.eclipse.jdt.internal.corext.refactoring.code.flow.FlowAnalyzer::endVisit (14 bytes)
Event: 19784.490 Thread 0x00000287865789f0 nmethod 27731 0x000002873a251f90 code [0x000002873a252120, 0x000002873a2521f8]
Event: 19785.275 Thread 0x0000028786579c00 27735       3       org.eclipse.jdt.internal.core.JavaElementDelta::changed (22 bytes)
Event: 19785.275 Thread 0x0000028786579c00 nmethod 27735 0x000002873202db90 code [0x000002873202dd80, 0x000002873202e1c8]
Event: 19785.365 Thread 0x00000287865789f0 27736       4       org.eclipse.core.internal.jobs.DeadlockDetector::reduceGraph (509 bytes)
Event: 19785.393 Thread 0x00000287865789f0 nmethod 27736 0x000002873a252310 code [0x000002873a2525a0, 0x000002873a253868]
Event: 19785.449 Thread 0x0000028786579c00 27737       3       org.eclipse.core.internal.resources.File::getContentDescription (88 bytes)
Event: 19785.450 Thread 0x0000028786579c00 nmethod 27737 0x0000028732a60890 code [0x0000028732a60b40, 0x0000028732a61b48]
Event: 19785.450 Thread 0x0000028786579c00 27738       3       org.eclipse.core.internal.filebuffers.ExtensionsRegistry::getDocumentFactory (42 bytes)
Event: 19785.451 Thread 0x0000028786579c00 nmethod 27738 0x00000287318cb110 code [0x00000287318cb360, 0x00000287318cbd10]
Event: 19785.451 Thread 0x0000028786579c00 27739       3       org.eclipse.core.internal.filebuffers.ExtensionsRegistry::getDocumentSetupParticipants (95 bytes)
Event: 19785.451 Thread 0x0000028786579c00 nmethod 27739 0x0000028731f0b010 code [0x0000028731f0b2c0, 0x0000028731f0c1d8]

GC Heap History (20 events):
Event: 19784.462 GC heap after
{Heap after GC invocations=5635 (full 6):
 PSYoungGen      total 3584K, used 320K [0x00000000d5580000, 0x00000000d5a00000, 0x0000000100000000)
  eden space 3072K, 0% used [0x00000000d5580000,0x00000000d5580000,0x00000000d5880000)
  from space 512K, 62% used [0x00000000d5980000,0x00000000d59d0000,0x00000000d5a00000)
  to   space 512K, 0% used [0x00000000d5900000,0x00000000d5900000,0x00000000d5980000)
 ParOldGen       total 1386496K, used 1386239K [0x0000000080000000, 0x00000000d4a00000, 0x00000000d5580000)
  object space 1386496K, 99% used [0x0000000080000000,0x00000000d49bff10,0x00000000d4a00000)
 Metaspace       used 88066K, committed 89536K, reserved 1179648K
  class space    used 8636K, committed 9344K, reserved 1048576K
}
Event: 19785.244 GC heap before
{Heap before GC invocations=5636 (full 6):
 PSYoungGen      total 3584K, used 3392K [0x00000000d5580000, 0x00000000d5a00000, 0x0000000100000000)
  eden space 3072K, 100% used [0x00000000d5580000,0x00000000d5880000,0x00000000d5880000)
  from space 512K, 62% used [0x00000000d5980000,0x00000000d59d0000,0x00000000d5a00000)
  to   space 512K, 0% used [0x00000000d5900000,0x00000000d5900000,0x00000000d5980000)
 ParOldGen       total 1386496K, used 1386239K [0x0000000080000000, 0x00000000d4a00000, 0x00000000d5580000)
  object space 1386496K, 99% used [0x0000000080000000,0x00000000d49bff10,0x00000000d4a00000)
 Metaspace       used 88067K, committed 89536K, reserved 1179648K
  class space    used 8636K, committed 9344K, reserved 1048576K
}
Event: 19785.247 GC heap after
{Heap after GC invocations=5636 (full 6):
 PSYoungGen      total 3584K, used 256K [0x00000000d5580000, 0x00000000d5a00000, 0x0000000100000000)
  eden space 3072K, 0% used [0x00000000d5580000,0x00000000d5580000,0x00000000d5880000)
  from space 512K, 50% used [0x00000000d5900000,0x00000000d5940000,0x00000000d5980000)
  to   space 512K, 0% used [0x00000000d5980000,0x00000000d5980000,0x00000000d5a00000)
 ParOldGen       total 1386496K, used 1386279K [0x0000000080000000, 0x00000000d4a00000, 0x00000000d5580000)
  object space 1386496K, 99% used [0x0000000080000000,0x00000000d49c9f10,0x00000000d4a00000)
 Metaspace       used 88067K, committed 89536K, reserved 1179648K
  class space    used 8636K, committed 9344K, reserved 1048576K
}
Event: 19785.270 GC heap before
{Heap before GC invocations=5637 (full 6):
 PSYoungGen      total 3584K, used 3328K [0x00000000d5580000, 0x00000000d5a00000, 0x0000000100000000)
  eden space 3072K, 100% used [0x00000000d5580000,0x00000000d5880000,0x00000000d5880000)
  from space 512K, 50% used [0x00000000d5900000,0x00000000d5940000,0x00000000d5980000)
  to   space 512K, 0% used [0x00000000d5980000,0x00000000d5980000,0x00000000d5a00000)
 ParOldGen       total 1386496K, used 1386279K [0x0000000080000000, 0x00000000d4a00000, 0x00000000d5580000)
  object space 1386496K, 99% used [0x0000000080000000,0x00000000d49c9f10,0x00000000d4a00000)
 Metaspace       used 88067K, committed 89536K, reserved 1179648K
  class space    used 8636K, committed 9344K, reserved 1048576K
}
Event: 19785.274 GC heap after
{Heap after GC invocations=5637 (full 6):
 PSYoungGen      total 1536K, used 485K [0x00000000d5580000, 0x00000000d5e80000, 0x0000000100000000)
  eden space 1024K, 0% used [0x00000000d5580000,0x00000000d5580000,0x00000000d5680000)
  from space 512K, 94% used [0x00000000d5980000,0x00000000d59f9440,0x00000000d5a00000)
  to   space 3072K, 0% used [0x00000000d5680000,0x00000000d5680000,0x00000000d5980000)
 ParOldGen       total 1388544K, used 1388356K [0x0000000080000000, 0x00000000d4c00000, 0x00000000d5580000)
  object space 1388544K, 99% used [0x0000000080000000,0x00000000d4bd1360,0x00000000d4c00000)
 Metaspace       used 88067K, committed 89536K, reserved 1179648K
  class space    used 8636K, committed 9344K, reserved 1048576K
}
Event: 19785.275 GC heap before
{Heap before GC invocations=5638 (full 6):
 PSYoungGen      total 1536K, used 1508K [0x00000000d5580000, 0x00000000d5e80000, 0x0000000100000000)
  eden space 1024K, 99% used [0x00000000d5580000,0x00000000d567ff98,0x00000000d5680000)
  from space 512K, 94% used [0x00000000d5980000,0x00000000d59f9440,0x00000000d5a00000)
  to   space 3072K, 0% used [0x00000000d5680000,0x00000000d5680000,0x00000000d5980000)
 ParOldGen       total 1388544K, used 1388356K [0x0000000080000000, 0x00000000d4c00000, 0x00000000d5580000)
  object space 1388544K, 99% used [0x0000000080000000,0x00000000d4bd1360,0x00000000d4c00000)
 Metaspace       used 88067K, committed 89536K, reserved 1179648K
  class space    used 8636K, committed 9344K, reserved 1048576K
}
Event: 19785.278 GC heap after
{Heap after GC invocations=5638 (full 6):
 PSYoungGen      total 2048K, used 992K [0x00000000d5580000, 0x00000000d5b00000, 0x0000000100000000)
  eden space 1024K, 0% used [0x00000000d5580000,0x00000000d5580000,0x00000000d5680000)
  from space 1024K, 96% used [0x00000000d5680000,0x00000000d5778000,0x00000000d5780000)
  to   space 2048K, 0% used [0x00000000d5900000,0x00000000d5900000,0x00000000d5b00000)
 ParOldGen       total 1389056K, used 1388881K [0x0000000080000000, 0x00000000d4c80000, 0x00000000d5580000)
  object space 1389056K, 99% used [0x0000000080000000,0x00000000d4c54478,0x00000000d4c80000)
 Metaspace       used 88067K, committed 89536K, reserved 1179648K
  class space    used 8636K, committed 9344K, reserved 1048576K
}
Event: 19785.280 GC heap before
{Heap before GC invocations=5639 (full 6):
 PSYoungGen      total 2048K, used 2015K [0x00000000d5580000, 0x00000000d5b00000, 0x0000000100000000)
  eden space 1024K, 99% used [0x00000000d5580000,0x00000000d567fff0,0x00000000d5680000)
  from space 1024K, 96% used [0x00000000d5680000,0x00000000d5778000,0x00000000d5780000)
  to   space 2048K, 0% used [0x00000000d5900000,0x00000000d5900000,0x00000000d5b00000)
 ParOldGen       total 1389056K, used 1388881K [0x0000000080000000, 0x00000000d4c80000, 0x00000000d5580000)
  object space 1389056K, 99% used [0x0000000080000000,0x00000000d4c54478,0x00000000d4c80000)
 Metaspace       used 88067K, committed 89536K, reserved 1179648K
  class space    used 8636K, committed 9344K, reserved 1048576K
}
Event: 19785.283 GC heap after
{Heap after GC invocations=5639 (full 6):
 PSYoungGen      total 3072K, used 1088K [0x00000000d5580000, 0x00000000d5a80000, 0x0000000100000000)
  eden space 1536K, 0% used [0x00000000d5580000,0x00000000d5580000,0x00000000d5700000)
  from space 1536K, 70% used [0x00000000d5900000,0x00000000d5a10000,0x00000000d5a80000)
  to   space 1536K, 0% used [0x00000000d5780000,0x00000000d5780000,0x00000000d5900000)
 ParOldGen       total 1390080K, used 1389757K [0x0000000080000000, 0x00000000d4d80000, 0x00000000d5580000)
  object space 1390080K, 99% used [0x0000000080000000,0x00000000d4d2f488,0x00000000d4d80000)
 Metaspace       used 88067K, committed 89536K, reserved 1179648K
  class space    used 8636K, committed 9344K, reserved 1048576K
}
Event: 19785.286 GC heap before
{Heap before GC invocations=5640 (full 6):
 PSYoungGen      total 3072K, used 2624K [0x00000000d5580000, 0x00000000d5a80000, 0x0000000100000000)
  eden space 1536K, 100% used [0x00000000d5580000,0x00000000d5700000,0x00000000d5700000)
  from space 1536K, 70% used [0x00000000d5900000,0x00000000d5a10000,0x00000000d5a80000)
  to   space 1536K, 0% used [0x00000000d5780000,0x00000000d5780000,0x00000000d5900000)
 ParOldGen       total 1390080K, used 1389757K [0x0000000080000000, 0x00000000d4d80000, 0x00000000d5580000)
  object space 1390080K, 99% used [0x0000000080000000,0x00000000d4d2f488,0x00000000d4d80000)
 Metaspace       used 88067K, committed 89536K, reserved 1179648K
  class space    used 8636K, committed 9344K, reserved 1048576K
}
Event: 19785.290 GC heap after
{Heap after GC invocations=5640 (full 6):
 PSYoungGen      total 3584K, used 1536K [0x00000000d5580000, 0x00000000d5d80000, 0x0000000100000000)
  eden space 2048K, 0% used [0x00000000d5580000,0x00000000d5580000,0x00000000d5780000)
  from space 1536K, 100% used [0x00000000d5780000,0x00000000d5900000,0x00000000d5900000)
  to   space 3072K, 0% used [0x00000000d5a80000,0x00000000d5a80000,0x00000000d5d80000)
 ParOldGen       total 1391104K, used 1390733K [0x0000000080000000, 0x00000000d4e80000, 0x00000000d5580000)
  object space 1391104K, 99% used [0x0000000080000000,0x00000000d4e23488,0x00000000d4e80000)
 Metaspace       used 88067K, committed 89536K, reserved 1179648K
  class space    used 8636K, committed 9344K, reserved 1048576K
}
Event: 19785.296 GC heap before
{Heap before GC invocations=5641 (full 6):
 PSYoungGen      total 3584K, used 3405K [0x00000000d5580000, 0x00000000d5d80000, 0x0000000100000000)
  eden space 2048K, 91% used [0x00000000d5580000,0x00000000d5753630,0x00000000d5780000)
  from space 1536K, 100% used [0x00000000d5780000,0x00000000d5900000,0x00000000d5900000)
  to   space 3072K, 0% used [0x00000000d5a80000,0x00000000d5a80000,0x00000000d5d80000)
 ParOldGen       total 1391104K, used 1390733K [0x0000000080000000, 0x00000000d4e80000, 0x00000000d5580000)
  object space 1391104K, 99% used [0x0000000080000000,0x00000000d4e23488,0x00000000d4e80000)
 Metaspace       used 88067K, committed 89536K, reserved 1179648K
  class space    used 8636K, committed 9344K, reserved 1048576K
}
Event: 19785.299 GC heap after
{Heap after GC invocations=5641 (full 6):
 PSYoungGen      total 4608K, used 1552K [0x00000000d5580000, 0x00000000d5c80000, 0x0000000100000000)
  eden space 2560K, 0% used [0x00000000d5580000,0x00000000d5580000,0x00000000d5800000)
  from space 2048K, 75% used [0x00000000d5a80000,0x00000000d5c04000,0x00000000d5c80000)
  to   space 2048K, 0% used [0x00000000d5880000,0x00000000d5880000,0x00000000d5a80000)
 ParOldGen       total 1392640K, used 1392253K [0x0000000080000000, 0x00000000d5000000, 0x00000000d5580000)
  object space 1392640K, 99% used [0x0000000080000000,0x00000000d4f9f488,0x00000000d5000000)
 Metaspace       used 88067K, committed 89536K, reserved 1179648K
  class space    used 8636K, committed 9344K, reserved 1048576K
}
Event: 19785.317 GC heap before
{Heap before GC invocations=5642 (full 6):
 PSYoungGen      total 4608K, used 4112K [0x00000000d5580000, 0x00000000d5c80000, 0x0000000100000000)
  eden space 2560K, 100% used [0x00000000d5580000,0x00000000d5800000,0x00000000d5800000)
  from space 2048K, 75% used [0x00000000d5a80000,0x00000000d5c04000,0x00000000d5c80000)
  to   space 2048K, 0% used [0x00000000d5880000,0x00000000d5880000,0x00000000d5a80000)
 ParOldGen       total 1392640K, used 1392253K [0x0000000080000000, 0x00000000d5000000, 0x00000000d5580000)
  object space 1392640K, 99% used [0x0000000080000000,0x00000000d4f9f488,0x00000000d5000000)
 Metaspace       used 88067K, committed 89536K, reserved 1179648K
  class space    used 8636K, committed 9344K, reserved 1048576K
}
Event: 19785.323 GC heap after
{Heap after GC invocations=5642 (full 6):
 PSYoungGen      total 5120K, used 2021K [0x00000000d5580000, 0x00000000d6080000, 0x0000000100000000)
  eden space 3072K, 0% used [0x00000000d5580000,0x00000000d5580000,0x00000000d5880000)
  from space 2048K, 98% used [0x00000000d5880000,0x00000000d5a794c0,0x00000000d5a80000)
  to   space 4096K, 0% used [0x00000000d5c80000,0x00000000d5c80000,0x00000000d6080000)
 ParOldGen       total 1394176K, used 1393861K [0x0000000080000000, 0x00000000d5180000, 0x00000000d5580000)
  object space 1394176K, 99% used [0x0000000080000000,0x00000000d5131488,0x00000000d5180000)
 Metaspace       used 88067K, committed 89536K, reserved 1179648K
  class space    used 8636K, committed 9344K, reserved 1048576K
}
Event: 19785.354 GC heap before
{Heap before GC invocations=5643 (full 6):
 PSYoungGen      total 5120K, used 5093K [0x00000000d5580000, 0x00000000d6080000, 0x0000000100000000)
  eden space 3072K, 100% used [0x00000000d5580000,0x00000000d5880000,0x00000000d5880000)
  from space 2048K, 98% used [0x00000000d5880000,0x00000000d5a794c0,0x00000000d5a80000)
  to   space 4096K, 0% used [0x00000000d5c80000,0x00000000d5c80000,0x00000000d6080000)
 ParOldGen       total 1394176K, used 1393861K [0x0000000080000000, 0x00000000d5180000, 0x00000000d5580000)
  object space 1394176K, 99% used [0x0000000080000000,0x00000000d5131488,0x00000000d5180000)
 Metaspace       used 88067K, committed 89536K, reserved 1179648K
  class space    used 8636K, committed 9344K, reserved 1048576K
}
Event: 19785.358 GC heap after
{Heap after GC invocations=5643 (full 6):
 PSYoungGen      total 7168K, used 2512K [0x00000000d5580000, 0x00000000d5f80000, 0x0000000100000000)
  eden space 4096K, 0% used [0x00000000d5580000,0x00000000d5580000,0x00000000d5980000)
  from space 3072K, 81% used [0x00000000d5c80000,0x00000000d5ef4000,0x00000000d5f80000)
  to   space 3072K, 0% used [0x00000000d5980000,0x00000000d5980000,0x00000000d5c80000)
 ParOldGen       total 1396224K, used 1395938K [0x0000000080000000, 0x00000000d5380000, 0x00000000d5580000)
  object space 1396224K, 99% used [0x0000000080000000,0x00000000d5338948,0x00000000d5380000)
 Metaspace       used 88067K, committed 89536K, reserved 1179648K
  class space    used 8636K, committed 9344K, reserved 1048576K
}
Event: 19785.471 GC heap before
{Heap before GC invocations=5644 (full 6):
 PSYoungGen      total 7168K, used 6608K [0x00000000d5580000, 0x00000000d5f80000, 0x0000000100000000)
  eden space 4096K, 100% used [0x00000000d5580000,0x00000000d5980000,0x00000000d5980000)
  from space 3072K, 81% used [0x00000000d5c80000,0x00000000d5ef4000,0x00000000d5f80000)
  to   space 3072K, 0% used [0x00000000d5980000,0x00000000d5980000,0x00000000d5c80000)
 ParOldGen       total 1396224K, used 1395938K [0x0000000080000000, 0x00000000d5380000, 0x00000000d5580000)
  object space 1396224K, 99% used [0x0000000080000000,0x00000000d5338948,0x00000000d5380000)
 Metaspace       used 88071K, committed 89600K, reserved 1179648K
  class space    used 8636K, committed 9344K, reserved 1048576K
}
Event: 19785.478 GC heap after
{Heap after GC invocations=5644 (full 6):
 PSYoungGen      total 7168K, used 6608K [0x00000000d5580000, 0x00000000d5f80000, 0x0000000100000000)
  eden space 4096K, 100% used [0x00000000d5580000,0x00000000d5980000,0x00000000d5980000)
  from space 3072K, 81% used [0x00000000d5c80000,0x00000000d5ef4000,0x00000000d5f80000)
  to   space 3072K, 9% used [0x00000000d5980000,0x00000000d59c8000,0x00000000d5c80000)
 ParOldGen       total 1398272K, used 1398264K [0x0000000080000000, 0x00000000d5580000, 0x00000000d5580000)
  object space 1398272K, 99% used [0x0000000080000000,0x00000000d557e2d8,0x00000000d5580000)
 Metaspace       used 88071K, committed 89600K, reserved 1179648K
  class space    used 8636K, committed 9344K, reserved 1048576K
}
Event: 19785.478 GC heap before
{Heap before GC invocations=5645 (full 7):
 PSYoungGen      total 7168K, used 6608K [0x00000000d5580000, 0x00000000d5f80000, 0x0000000100000000)
  eden space 4096K, 100% used [0x00000000d5580000,0x00000000d5980000,0x00000000d5980000)
  from space 3072K, 81% used [0x00000000d5c80000,0x00000000d5ef4000,0x00000000d5f80000)
  to   space 3072K, 9% used [0x00000000d5980000,0x00000000d59c8000,0x00000000d5c80000)
 ParOldGen       total 1398272K, used 1398264K [0x0000000080000000, 0x00000000d5580000, 0x00000000d5580000)
  object space 1398272K, 99% used [0x0000000080000000,0x00000000d557e2d8,0x00000000d5580000)
 Metaspace       used 88071K, committed 89600K, reserved 1179648K
  class space    used 8636K, committed 9344K, reserved 1048576K
}

Dll operation events (11 events):
Event: 0.010 Loaded shared library c:\Users\HP\.vscode\extensions\redhat.java-1.45.0-win32-x64\jre\21.0.8-win32-x86_64\bin\java.dll
Event: 0.078 Loaded shared library c:\Users\HP\.vscode\extensions\redhat.java-1.45.0-win32-x64\jre\21.0.8-win32-x86_64\bin\zip.dll
Event: 0.100 Loaded shared library C:\Users\HP\.vscode\extensions\redhat.java-1.45.0-win32-x64\jre\21.0.8-win32-x86_64\bin\instrument.dll
Event: 0.105 Loaded shared library C:\Users\HP\.vscode\extensions\redhat.java-1.45.0-win32-x64\jre\21.0.8-win32-x86_64\bin\net.dll
Event: 0.109 Loaded shared library C:\Users\HP\.vscode\extensions\redhat.java-1.45.0-win32-x64\jre\21.0.8-win32-x86_64\bin\nio.dll
Event: 0.114 Loaded shared library C:\Users\HP\.vscode\extensions\redhat.java-1.45.0-win32-x64\jre\21.0.8-win32-x86_64\bin\zip.dll
Event: 0.135 Loaded shared library C:\Users\HP\.vscode\extensions\redhat.java-1.45.0-win32-x64\jre\21.0.8-win32-x86_64\bin\jimage.dll
Event: 0.217 Loaded shared library c:\Users\HP\.vscode\extensions\redhat.java-1.45.0-win32-x64\jre\21.0.8-win32-x86_64\bin\verify.dll
Event: 6.218 Loaded shared library C:\Users\HP\AppData\Roaming\Code\User\globalStorage\redhat.java\1.45.0\config_win\org.eclipse.equinox.launcher\org.eclipse.equinox.launcher.win32.win32.x86_64_1.2.1400.v20250801-0854\eclipse_11916.dll
Event: 15.259 Loaded shared library C:\Users\HP\AppData\Local\Temp\jna-2312\jna372674734659066004.dll
Event: 21.471 Loaded shared library C:\Users\HP\.vscode\extensions\redhat.java-1.45.0-win32-x64\jre\21.0.8-win32-x86_64\bin\extnet.dll

Deoptimization events (20 events):
Event: 19774.942 Thread 0x000002878cd21d90 DEOPT PACKING pc=0x00000287391533b4 sp=0x000000f8560fdf60
Event: 19774.942 Thread 0x000002878cd21d90 DEOPT UNPACKING pc=0x0000028737fc3aa2 sp=0x000000f8560fdee0 mode 2
Event: 19778.942 Thread 0x000002878f6ead40 Uncommon trap: trap_request=0xffffffc6 fr.pc=0x00000287392c6114 relative=0x0000000000002334
Event: 19778.942 Thread 0x000002878f6ead40 Uncommon trap: reason=bimorphic_or_optimized_type_check action=maybe_recompile pc=0x00000287392c6114 method=org.eclipse.jdt.internal.compiler.ast.ConstructorDeclaration.resolveStatements()V @ 254 c2
Event: 19778.942 Thread 0x000002878f6ead40 DEOPT PACKING pc=0x00000287392c6114 sp=0x000000f858bfe520
Event: 19778.942 Thread 0x000002878f6ead40 DEOPT UNPACKING pc=0x0000028737fc3aa2 sp=0x000000f858bfe450 mode 2
Event: 19779.698 Thread 0x000002878cf5bf50 DEOPT PACKING pc=0x0000028732c57327 sp=0x000000f859efe1e0
Event: 19779.698 Thread 0x000002878cf5bf50 DEOPT UNPACKING pc=0x0000028737fc4242 sp=0x000000f859efd650 mode 0
Event: 19781.950 Thread 0x000002878e5187d0 Uncommon trap: trap_request=0xffffffc6 fr.pc=0x0000028739d10fb8 relative=0x0000000000000298
Event: 19781.950 Thread 0x000002878e5187d0 Uncommon trap: reason=bimorphic_or_optimized_type_check action=maybe_recompile pc=0x0000028739d10fb8 method=org.eclipse.jdt.internal.compiler.lookup.MethodBinding.findOriginalInheritedMethod(Lorg/eclipse/jdt/internal/compiler/lookup/MethodBinding;)Lorg/ec
Event: 19781.950 Thread 0x000002878e5187d0 DEOPT PACKING pc=0x0000028739d10fb8 sp=0x000000f859bfda70
Event: 19781.950 Thread 0x000002878e5187d0 DEOPT UNPACKING pc=0x0000028737fc3aa2 sp=0x000000f859bfd9d0 mode 2
Event: 19781.960 Thread 0x000002878e5187d0 Uncommon trap: trap_request=0xffffffde fr.pc=0x000002873a0f71d4 relative=0x0000000000003654
Event: 19781.960 Thread 0x000002878e5187d0 Uncommon trap: reason=class_check action=maybe_recompile pc=0x000002873a0f71d4 method=org.eclipse.jdt.internal.compiler.lookup.LookupEnvironment.getTypeFromTypeSignature(Lorg/eclipse/jdt/internal/compiler/lookup/SignatureWrapper;[Lorg/eclipse/jdt/internal
Event: 19781.960 Thread 0x000002878e5187d0 DEOPT PACKING pc=0x000002873a0f71d4 sp=0x000000f859bfda60
Event: 19781.960 Thread 0x000002878e5187d0 DEOPT UNPACKING pc=0x0000028737fc3aa2 sp=0x000000f859bfda28 mode 2
Event: 19782.271 Thread 0x000002878e5187d0 Uncommon trap: trap_request=0xffffffcc fr.pc=0x000002873a23a468 relative=0x0000000000001028
Event: 19782.271 Thread 0x000002878e5187d0 Uncommon trap: reason=intrinsic_or_type_checked_inlining action=make_not_entrant pc=0x000002873a23a468 method=org.eclipse.jdt.internal.compiler.parser.Parser.parse(Lorg/eclipse/jdt/internal/compiler/ast/ConstructorDeclaration;Lorg/eclipse/jdt/internal/com
Event: 19782.271 Thread 0x000002878e5187d0 DEOPT PACKING pc=0x000002873a23a468 sp=0x000000f859bfe120
Event: 19782.271 Thread 0x000002878e5187d0 DEOPT UNPACKING pc=0x0000028737fc3aa2 sp=0x000000f859bfe0d0 mode 2

Classes loaded (20 events):
Event: 776.807 Loading class java/util/AbstractList$SubList$1
Event: 776.807 Loading class java/util/AbstractList$SubList$1 done
Event: 776.882 Loading class java/io/CharArrayReader
Event: 776.882 Loading class java/io/CharArrayReader done
Event: 776.882 Loading class java/util/regex/Pattern$Bound
Event: 776.882 Loading class java/util/regex/Pattern$Bound done
Event: 13776.757 Loading class java/util/Collections$EmptyListIterator
Event: 13776.759 Loading class java/util/Collections$EmptyListIterator done
Event: 13789.177 Loading class java/nio/channels/CompletionHandler
Event: 13789.179 Loading class java/nio/channels/CompletionHandler done
Event: 13820.094 Loading class java/lang/StringLatin1$CharsSpliterator
Event: 13820.097 Loading class java/lang/StringLatin1$CharsSpliterator done
Event: 13921.097 Loading class java/util/AbstractList$RandomAccessSubList
Event: 13921.099 Loading class java/util/AbstractList$RandomAccessSubList done
Event: 13921.108 Loading class java/util/ImmutableCollections$SubList
Event: 13921.112 Loading class java/util/ImmutableCollections$SubList done
Event: 14696.939 Loading class java/lang/Throwable$WrappedPrintWriter
Event: 14696.941 Loading class java/lang/Throwable$PrintStreamOrWriter
Event: 14696.942 Loading class java/lang/Throwable$PrintStreamOrWriter done
Event: 14696.942 Loading class java/lang/Throwable$WrappedPrintWriter done

Classes unloaded (20 events):
Event: 13796.649 Thread 0x000002872d7e2b20 Unloading class 0x0000028746014800 'java/lang/invoke/LambdaForm$MH+0x0000028746014800'
Event: 13796.649 Thread 0x000002872d7e2b20 Unloading class 0x000002874600d800 'java/lang/invoke/LambdaForm$MH+0x000002874600d800'
Event: 13796.649 Thread 0x000002872d7e2b20 Unloading class 0x000002874600d400 'java/lang/invoke/LambdaForm$MH+0x000002874600d400'
Event: 13796.649 Thread 0x000002872d7e2b20 Unloading class 0x000002874600d000 'java/lang/invoke/LambdaForm$MH+0x000002874600d000'
Event: 13796.649 Thread 0x000002872d7e2b20 Unloading class 0x000002874600cc00 'java/lang/invoke/LambdaForm$MH+0x000002874600cc00'
Event: 13796.649 Thread 0x000002872d7e2b20 Unloading class 0x000002874600c800 'java/lang/invoke/LambdaForm$BMH+0x000002874600c800'
Event: 13796.649 Thread 0x000002872d7e2b20 Unloading class 0x000002874600c000 'java/lang/invoke/LambdaForm$DMH+0x000002874600c000'
Event: 13796.649 Thread 0x000002872d7e2b20 Unloading class 0x0000028746008c00 'java/lang/invoke/LambdaForm$MH+0x0000028746008c00'
Event: 13796.649 Thread 0x000002872d7e2b20 Unloading class 0x0000028746008800 'java/lang/invoke/LambdaForm$MH+0x0000028746008800'
Event: 13796.649 Thread 0x000002872d7e2b20 Unloading class 0x0000028746008400 'java/lang/invoke/LambdaForm$MH+0x0000028746008400'
Event: 13796.649 Thread 0x000002872d7e2b20 Unloading class 0x0000028746007000 'java/lang/invoke/LambdaForm$MH+0x0000028746007000'
Event: 13796.649 Thread 0x000002872d7e2b20 Unloading class 0x0000028746006800 'java/lang/invoke/LambdaForm$MH+0x0000028746006800'
Event: 13796.649 Thread 0x000002872d7e2b20 Unloading class 0x0000028746006400 'java/lang/invoke/LambdaForm$MH+0x0000028746006400'
Event: 13796.649 Thread 0x000002872d7e2b20 Unloading class 0x0000028746006000 'java/lang/invoke/LambdaForm$MH+0x0000028746006000'
Event: 13796.649 Thread 0x000002872d7e2b20 Unloading class 0x0000028746005c00 'java/lang/invoke/LambdaForm$BMH+0x0000028746005c00'
Event: 13796.649 Thread 0x000002872d7e2b20 Unloading class 0x0000028746004800 'java/lang/invoke/LambdaForm$DMH+0x0000028746004800'
Event: 13796.649 Thread 0x000002872d7e2b20 Unloading class 0x0000028746002400 'java/lang/invoke/LambdaForm$MH+0x0000028746002400'
Event: 13796.649 Thread 0x000002872d7e2b20 Unloading class 0x0000028746002000 'java/lang/invoke/LambdaForm$MH+0x0000028746002000'
Event: 13796.649 Thread 0x000002872d7e2b20 Unloading class 0x0000028746001800 'java/lang/invoke/LambdaForm$MH+0x0000028746001800'
Event: 13796.649 Thread 0x000002872d7e2b20 Unloading class 0x0000028746000400 'java/lang/invoke/LambdaForm$MH+0x0000028746000400'

Classes redefined (0 events):
No events

Internal exceptions (20 events):
Event: 19767.589 Thread 0x000002878cf5bf50 Exception <a 'java/lang/ClassNotFoundException'{0x00000000d594b1e8}: sun/net/www/protocol/jdt/Handler> (0x00000000d594b1e8) 
thrown [s\src\hotspot\share\classfile\systemDictionary.cpp, line 312]
Event: 19767.589 Thread 0x000002878cf5bf50 Exception <a 'java/lang/ClassNotFoundException'{0x00000000d594d100}: sun/net/www/protocol/jdt/Handler> (0x00000000d594d100) 
thrown [s\src\hotspot\share\classfile\systemDictionary.cpp, line 312]
Event: 19767.589 Thread 0x000002878cf5bf50 Exception <a 'java/lang/ClassNotFoundException'{0x00000000d594f248}: sun/net/www/protocol/jdt/Handler> (0x00000000d594f248) 
thrown [s\src\hotspot\share\classfile\systemDictionary.cpp, line 312]
Event: 19767.589 Thread 0x000002878cf5bf50 Exception <a 'java/lang/ClassNotFoundException'{0x00000000d5951180}: sun/net/www/protocol/jdt/Handler> (0x00000000d5951180) 
thrown [s\src\hotspot\share\classfile\systemDictionary.cpp, line 312]
Event: 19767.589 Thread 0x000002878cf5bf50 Exception <a 'java/lang/ClassNotFoundException'{0x00000000d5955168}: sun/net/www/protocol/jdt/Handler> (0x00000000d5955168) 
thrown [s\src\hotspot\share\classfile\systemDictionary.cpp, line 312]
Event: 19775.616 Thread 0x00000287876530d0 Exception <a 'sun/nio/fs/WindowsException'{0x00000000d58fa628}> (0x00000000d58fa628) 
thrown [s\src\hotspot\share\prims\jni.cpp, line 520]
Event: 19775.707 Thread 0x00000287876530d0 Exception <a 'sun/nio/fs/WindowsException'{0x00000000d56f5f08}> (0x00000000d56f5f08) 
thrown [s\src\hotspot\share\prims\jni.cpp, line 520]
Event: 19779.743 Thread 0x000002878cf5bf50 Exception <a 'java/lang/ClassNotFoundException'{0x00000000d5a3caf0}: sun/net/www/protocol/jdt/Handler> (0x00000000d5a3caf0) 
thrown [s\src\hotspot\share\classfile\systemDictionary.cpp, line 312]
Event: 19779.744 Thread 0x000002878cf5bf50 Exception <a 'java/lang/ClassNotFoundException'{0x00000000d5a3f000}: sun/net/www/protocol/jdt/Handler> (0x00000000d5a3f000) 
thrown [s\src\hotspot\share\classfile\systemDictionary.cpp, line 312]
Event: 19779.744 Thread 0x000002878cf5bf50 Exception <a 'java/lang/ClassNotFoundException'{0x00000000d5a40f38}: sun/net/www/protocol/jdt/Handler> (0x00000000d5a40f38) 
thrown [s\src\hotspot\share\classfile\systemDictionary.cpp, line 312]
Event: 19779.744 Thread 0x000002878cf5bf50 Exception <a 'java/lang/ClassNotFoundException'{0x00000000d5a43ad8}: sun/net/www/protocol/jdt/Handler> (0x00000000d5a43ad8) 
thrown [s\src\hotspot\share\classfile\systemDictionary.cpp, line 312]
Event: 19779.744 Thread 0x000002878cf5bf50 Exception <a 'java/lang/ClassNotFoundException'{0x00000000d5a45ba8}: sun/net/www/protocol/jdt/Handler> (0x00000000d5a45ba8) 
thrown [s\src\hotspot\share\classfile\systemDictionary.cpp, line 312]
Event: 19779.744 Thread 0x000002878cf5bf50 Exception <a 'java/lang/ClassNotFoundException'{0x00000000d5a48b78}: sun/net/www/protocol/jdt/Handler> (0x00000000d5a48b78) 
thrown [s\src\hotspot\share\classfile\systemDictionary.cpp, line 312]
Event: 19779.744 Thread 0x000002878cf5bf50 Exception <a 'java/lang/ClassNotFoundException'{0x00000000d5a4b740}: sun/net/www/protocol/jdt/Handler> (0x00000000d5a4b740) 
thrown [s\src\hotspot\share\classfile\systemDictionary.cpp, line 312]
Event: 19779.744 Thread 0x000002878cf5bf50 Exception <a 'java/lang/ClassNotFoundException'{0x00000000d5a4d658}: sun/net/www/protocol/jdt/Handler> (0x00000000d5a4d658) 
thrown [s\src\hotspot\share\classfile\systemDictionary.cpp, line 312]
Event: 19779.744 Thread 0x000002878cf5bf50 Exception <a 'java/lang/ClassNotFoundException'{0x00000000d5a4f7a0}: sun/net/www/protocol/jdt/Handler> (0x00000000d5a4f7a0) 
thrown [s\src\hotspot\share\classfile\systemDictionary.cpp, line 312]
Event: 19779.744 Thread 0x000002878cf5bf50 Exception <a 'java/lang/ClassNotFoundException'{0x00000000d5a516d8}: sun/net/www/protocol/jdt/Handler> (0x00000000d5a516d8) 
thrown [s\src\hotspot\share\classfile\systemDictionary.cpp, line 312]
Event: 19779.744 Thread 0x000002878cf5bf50 Exception <a 'java/lang/ClassNotFoundException'{0x00000000d5a55900}: sun/net/www/protocol/jdt/Handler> (0x00000000d5a55900) 
thrown [s\src\hotspot\share\classfile\systemDictionary.cpp, line 312]
Event: 19785.263 Thread 0x00000287876530d0 Exception <a 'sun/nio/fs/WindowsException'{0x00000000d559efb0}> (0x00000000d559efb0) 
thrown [s\src\hotspot\share\prims\jni.cpp, line 520]
Event: 19785.348 Thread 0x00000287876530d0 Exception <a 'sun/nio/fs/WindowsException'{0x00000000d5810ca8}> (0x00000000d5810ca8) 
thrown [s\src\hotspot\share\prims\jni.cpp, line 520]

ZGC Phase Switch (0 events):
No events

VM Operations (20 events):
Event: 19784.443 Executing VM operation: ParallelGCFailedAllocation (Allocation Failure) done
Event: 19784.460 Executing VM operation: ParallelGCFailedAllocation (Allocation Failure)
Event: 19784.462 Executing VM operation: ParallelGCFailedAllocation (Allocation Failure) done
Event: 19785.244 Executing VM operation: ParallelGCFailedAllocation (Allocation Failure)
Event: 19785.247 Executing VM operation: ParallelGCFailedAllocation (Allocation Failure) done
Event: 19785.270 Executing VM operation: ParallelGCFailedAllocation (Allocation Failure)
Event: 19785.274 Executing VM operation: ParallelGCFailedAllocation (Allocation Failure) done
Event: 19785.275 Executing VM operation: ParallelGCFailedAllocation (Allocation Failure)
Event: 19785.278 Executing VM operation: ParallelGCFailedAllocation (Allocation Failure) done
Event: 19785.280 Executing VM operation: ParallelGCFailedAllocation (Allocation Failure)
Event: 19785.283 Executing VM operation: ParallelGCFailedAllocation (Allocation Failure) done
Event: 19785.286 Executing VM operation: ParallelGCFailedAllocation (Allocation Failure)
Event: 19785.290 Executing VM operation: ParallelGCFailedAllocation (Allocation Failure) done
Event: 19785.296 Executing VM operation: ParallelGCFailedAllocation (Allocation Failure)
Event: 19785.299 Executing VM operation: ParallelGCFailedAllocation (Allocation Failure) done
Event: 19785.317 Executing VM operation: ParallelGCFailedAllocation (Allocation Failure)
Event: 19785.323 Executing VM operation: ParallelGCFailedAllocation (Allocation Failure) done
Event: 19785.354 Executing VM operation: ParallelGCFailedAllocation (Allocation Failure)
Event: 19785.358 Executing VM operation: ParallelGCFailedAllocation (Allocation Failure) done
Event: 19785.471 Executing VM operation: ParallelGCFailedAllocation (Allocation Failure)

Memory protections (0 events):
No events

Nmethod flushes (20 events):
Event: 14659.396 Thread 0x000002872d7e2b20 flushing osr nmethod 0x0000028733841b10
Event: 14659.396 Thread 0x000002872d7e2b20 flushing  nmethod 0x000002873384af10
Event: 14659.396 Thread 0x000002872d7e2b20 flushing  nmethod 0x000002873384cd10
Event: 14659.396 Thread 0x000002872d7e2b20 flushing osr nmethod 0x000002873384d210
Event: 14659.396 Thread 0x000002872d7e2b20 flushing  nmethod 0x000002873385bc90
Event: 14659.396 Thread 0x000002872d7e2b20 flushing  nmethod 0x000002873387ec10
Event: 14659.396 Thread 0x000002872d7e2b20 flushing  nmethod 0x00000287338ab290
Event: 14659.396 Thread 0x000002872d7e2b20 flushing  nmethod 0x00000287338b2d90
Event: 14659.396 Thread 0x000002872d7e2b20 flushing  nmethod 0x00000287338c6a10
Event: 14659.396 Thread 0x000002872d7e2b20 flushing  nmethod 0x00000287338d0910
Event: 14659.396 Thread 0x000002872d7e2b20 flushing  nmethod 0x00000287338d0d90
Event: 14659.396 Thread 0x000002872d7e2b20 flushing  nmethod 0x00000287338d2510
Event: 14659.396 Thread 0x000002872d7e2b20 flushing  nmethod 0x00000287338e8190
Event: 14659.397 Thread 0x000002872d7e2b20 flushing osr nmethod 0x000002873394b710
Event: 14659.397 Thread 0x000002872d7e2b20 flushing  nmethod 0x000002873395a690
Event: 14659.397 Thread 0x000002872d7e2b20 flushing  nmethod 0x000002873395be90
Event: 14659.397 Thread 0x000002872d7e2b20 flushing  nmethod 0x000002873396a290
Event: 14659.397 Thread 0x000002872d7e2b20 flushing  nmethod 0x000002873396b890
Event: 14659.397 Thread 0x000002872d7e2b20 flushing  nmethod 0x000002873396c210
Event: 14659.397 Thread 0x000002872d7e2b20 flushing  nmethod 0x000002873396e610

Events (20 events):
Event: 19534.413 Thread 0x000002878f6ead40 Thread added: 0x000002878f6ec780
Event: 19534.413 Thread 0x000002878cd1e910 Thread added: 0x000002878f6f0290
Event: 19536.650 Thread 0x00000287865789f0 Thread added: 0x00000287912e7ce0
Event: 19536.650 Thread 0x00000287865789f0 Thread added: 0x00000287912e83b0
Event: 19536.782 Thread 0x00000287912e83b0 Thread exited: 0x00000287912e83b0
Event: 19537.342 Thread 0x00000287912e7ce0 Thread exited: 0x00000287912e7ce0
Event: 19599.702 Thread 0x000002878cd258a0 Thread added: 0x000002878cf5b8c0
Event: 19599.703 Thread 0x000002878cf5b8c0 Thread added: 0x000002878cf5c5e0
Event: 19599.703 Thread 0x000002878cf5b8c0 Thread added: 0x000002878cf5cc70
Event: 19599.704 Thread 0x000002878cf5cc70 Thread exited: 0x000002878cf5cc70
Event: 19599.704 Thread 0x000002878cf5b8c0 Thread exited: 0x000002878cf5b8c0
Event: 19599.705 Thread 0x000002878cf5c5e0 Thread exited: 0x000002878cf5c5e0
Event: 19599.745 Thread 0x000002878cd258a0 Thread added: 0x000002878cf5d300
Event: 19599.747 Thread 0x000002878cf5d300 Thread exited: 0x000002878cf5d300
Event: 19605.908 Thread 0x000002878cd24b80 Thread added: 0x000002878cf5a510
Event: 19640.980 Thread 0x000002878f6ef570 Thread exited: 0x000002878f6ef570
Event: 19648.843 Thread 0x000002878f6ea6b0 Thread exited: 0x000002878f6ea6b0
Event: 19650.347 Thread 0x000002878e5187d0 Thread added: 0x000002878cf5bf50
Event: 19652.926 Thread 0x000002878cf5a510 Thread added: 0x000002878cf5d990
Event: 19678.306 Thread 0x000002878e5187d0 Thread added: 0x000002878cf5e020


Dynamic libraries:
0x00007ff67e560000 - 0x00007ff67e56e000 	c:\Users\HP\.vscode\extensions\redhat.java-1.45.0-win32-x64\jre\21.0.8-win32-x86_64\bin\java.exe
0x00007fffc2520000 - 0x00007fffc2789000 	C:\WINDOWS\SYSTEM32\ntdll.dll
0x00007fffc15b0000 - 0x00007fffc1679000 	C:\WINDOWS\System32\KERNEL32.DLL
0x00007fffbf6b0000 - 0x00007fffbfaa3000 	C:\WINDOWS\System32\KERNELBASE.dll
0x00007fffbc760000 - 0x00007fffbc7fe000 	C:\WINDOWS\SYSTEM32\apphelp.dll
0x00007fffbfab0000 - 0x00007fffbfbfb000 	C:\WINDOWS\System32\ucrtbase.dll
0x00007fffa6ca0000 - 0x00007fffa6cbe000 	c:\Users\HP\.vscode\extensions\redhat.java-1.45.0-win32-x64\jre\21.0.8-win32-x86_64\bin\VCRUNTIME140.dll
0x00007fffa6040000 - 0x00007fffa6058000 	c:\Users\HP\.vscode\extensions\redhat.java-1.45.0-win32-x64\jre\21.0.8-win32-x86_64\bin\jli.dll
0x00007fffc0dc0000 - 0x00007fffc0f84000 	C:\WINDOWS\System32\USER32.dll
0x00007fffa8cc0000 - 0x00007fffa8f53000 	C:\WINDOWS\WinSxS\amd64_microsoft.windows.common-controls_6595b64144ccf1df_6.0.26100.5074_none_3e0d6f78e32fd63f\COMCTL32.dll
0x00007fffc0150000 - 0x00007fffc0177000 	C:\WINDOWS\System32\win32u.dll
0x00007fffc21d0000 - 0x00007fffc2279000 	C:\WINDOWS\System32\msvcrt.dll
0x00007fffc1680000 - 0x00007fffc16ab000 	C:\WINDOWS\System32\GDI32.dll
0x00007fffc0020000 - 0x00007fffc014d000 	C:\WINDOWS\System32\gdi32full.dll
0x00007fffbfc90000 - 0x00007fffbfd33000 	C:\WINDOWS\System32\msvcp_win.dll
0x00007fffc0940000 - 0x00007fffc096f000 	C:\WINDOWS\System32\IMM32.DLL
0x00007fffa75a0000 - 0x00007fffa75ac000 	c:\Users\HP\.vscode\extensions\redhat.java-1.45.0-win32-x64\jre\21.0.8-win32-x86_64\bin\vcruntime140_1.dll
0x00007fff72210000 - 0x00007fff7229d000 	c:\Users\HP\.vscode\extensions\redhat.java-1.45.0-win32-x64\jre\21.0.8-win32-x86_64\bin\msvcp140.dll
0x00007fff3b2d0000 - 0x00007fff3c067000 	c:\Users\HP\.vscode\extensions\redhat.java-1.45.0-win32-x64\jre\21.0.8-win32-x86_64\bin\server\jvm.dll
0x00007fffc16b0000 - 0x00007fffc1764000 	C:\WINDOWS\System32\ADVAPI32.dll
0x00007fffc2280000 - 0x00007fffc2326000 	C:\WINDOWS\System32\sechost.dll
0x00007fffc2340000 - 0x00007fffc2458000 	C:\WINDOWS\System32\RPCRT4.dll
0x00007fffc10e0000 - 0x00007fffc1154000 	C:\WINDOWS\System32\WS2_32.dll
0x00007fffbf510000 - 0x00007fffbf56e000 	C:\WINDOWS\SYSTEM32\POWRPROF.dll
0x00007fffb83f0000 - 0x00007fffb83fb000 	C:\WINDOWS\SYSTEM32\VERSION.dll
0x00007fffb7d60000 - 0x00007fffb7d95000 	C:\WINDOWS\SYSTEM32\WINMM.dll
0x00007fffbf440000 - 0x00007fffbf454000 	C:\WINDOWS\SYSTEM32\UMPDC.dll
0x00007fffbe490000 - 0x00007fffbe4ab000 	C:\WINDOWS\SYSTEM32\kernel.appcore.dll
0x00007fffa6fd0000 - 0x00007fffa6fda000 	c:\Users\HP\.vscode\extensions\redhat.java-1.45.0-win32-x64\jre\21.0.8-win32-x86_64\bin\jimage.dll
0x00007fffb3220000 - 0x00007fffb3462000 	C:\WINDOWS\SYSTEM32\DBGHELP.DLL
0x00007fffc0980000 - 0x00007fffc0cfb000 	C:\WINDOWS\System32\combase.dll
0x00007fffc0860000 - 0x00007fffc0937000 	C:\WINDOWS\System32\OLEAUT32.dll
0x00007fffa40e0000 - 0x00007fffa411d000 	C:\WINDOWS\SYSTEM32\dbgcore.DLL
0x00007fffbfd40000 - 0x00007fffbfdd9000 	C:\WINDOWS\System32\bcryptPrimitives.dll
0x00007fffa6f10000 - 0x00007fffa6f1f000 	c:\Users\HP\.vscode\extensions\redhat.java-1.45.0-win32-x64\jre\21.0.8-win32-x86_64\bin\instrument.dll
0x00007fff99da0000 - 0x00007fff99dbf000 	c:\Users\HP\.vscode\extensions\redhat.java-1.45.0-win32-x64\jre\21.0.8-win32-x86_64\bin\java.dll
0x00007fffc1770000 - 0x00007fffc1ebd000 	C:\WINDOWS\System32\SHELL32.dll
0x00007fffc0180000 - 0x00007fffc02ec000 	C:\WINDOWS\System32\wintypes.dll
0x00007fffbd310000 - 0x00007fffbdb69000 	C:\WINDOWS\SYSTEM32\windows.storage.dll
0x00007fffc2020000 - 0x00007fffc2110000 	C:\WINDOWS\System32\SHCORE.dll
0x00007fffc2470000 - 0x00007fffc24d2000 	C:\WINDOWS\System32\shlwapi.dll
0x00007fffbf5d0000 - 0x00007fffbf5f9000 	C:\WINDOWS\SYSTEM32\profapi.dll
0x00007fff908b0000 - 0x00007fff908c8000 	c:\Users\HP\.vscode\extensions\redhat.java-1.45.0-win32-x64\jre\21.0.8-win32-x86_64\bin\zip.dll
0x00007fffa6b70000 - 0x00007fffa6b80000 	C:\Users\HP\.vscode\extensions\redhat.java-1.45.0-win32-x64\jre\21.0.8-win32-x86_64\bin\net.dll
0x00007fffb9870000 - 0x00007fffb998f000 	C:\WINDOWS\SYSTEM32\WINHTTP.dll
0x00007fffbea10000 - 0x00007fffbea7b000 	C:\WINDOWS\system32\mswsock.dll
0x00007fff96310000 - 0x00007fff96326000 	C:\Users\HP\.vscode\extensions\redhat.java-1.45.0-win32-x64\jre\21.0.8-win32-x86_64\bin\nio.dll
0x00007fffa69a0000 - 0x00007fffa69b0000 	c:\Users\HP\.vscode\extensions\redhat.java-1.45.0-win32-x64\jre\21.0.8-win32-x86_64\bin\verify.dll
0x00007fff8bba0000 - 0x00007fff8bbe4000 	C:\Users\HP\AppData\Roaming\Code\User\globalStorage\redhat.java\1.45.0\config_win\org.eclipse.equinox.launcher\org.eclipse.equinox.launcher.win32.win32.x86_64_1.2.1400.v20250801-0854\eclipse_11916.dll
0x00007fffc1350000 - 0x00007fffc14e8000 	C:\WINDOWS\System32\ole32.dll
0x00007fffbecb0000 - 0x00007fffbeccb000 	C:\WINDOWS\SYSTEM32\CRYPTSP.dll
0x00007fffbe3f0000 - 0x00007fffbe42b000 	C:\WINDOWS\system32\rsaenh.dll
0x00007fffbeab0000 - 0x00007fffbeadb000 	C:\WINDOWS\SYSTEM32\USERENV.dll
0x00007fffbf5a0000 - 0x00007fffbf5c6000 	C:\WINDOWS\SYSTEM32\bcrypt.dll
0x00007fffbecd0000 - 0x00007fffbecdc000 	C:\WINDOWS\SYSTEM32\CRYPTBASE.dll
0x00007fffbde50000 - 0x00007fffbde84000 	C:\WINDOWS\SYSTEM32\IPHLPAPI.DLL
0x00007fffc2460000 - 0x00007fffc246a000 	C:\WINDOWS\System32\NSI.dll
0x00007fff874a0000 - 0x00007fff874e9000 	C:\Users\HP\AppData\Local\Temp\jna-2312\jna372674734659066004.dll
0x00007fffc1340000 - 0x00007fffc1348000 	C:\WINDOWS\System32\PSAPI.DLL
0x00007fffb9dc0000 - 0x00007fffb9dde000 	C:\WINDOWS\SYSTEM32\dhcpcsvc6.DLL
0x00007fffb9c80000 - 0x00007fffb9ca3000 	C:\WINDOWS\SYSTEM32\dhcpcsvc.DLL
0x00007fffa64d0000 - 0x00007fffa64d9000 	C:\Users\HP\.vscode\extensions\redhat.java-1.45.0-win32-x64\jre\21.0.8-win32-x86_64\bin\extnet.dll

JVMTI agents:
c:\Users\HP\.vscode\extensions\redhat.java-1.45.0-win32-x64\lombok\lombok-1.18.39-4050.jar path:c:\Users\HP\.vscode\extensions\redhat.java-1.45.0-win32-x64\jre\21.0.8-win32-x86_64\bin\instrument.dll, loaded, initialized, instrumentlib options:none

dbghelp: loaded successfully - version: 4.0.5 - missing functions: none
symbol engine: initialized successfully - sym options: 0x614 - pdb path: .;c:\Users\HP\.vscode\extensions\redhat.java-1.45.0-win32-x64\jre\21.0.8-win32-x86_64\bin;C:\WINDOWS\SYSTEM32;C:\WINDOWS\WinSxS\amd64_microsoft.windows.common-controls_6595b64144ccf1df_6.0.26100.5074_none_3e0d6f78e32fd63f;c:\Users\HP\.vscode\extensions\redhat.java-1.45.0-win32-x64\jre\21.0.8-win32-x86_64\bin\server;C:\Users\HP\AppData\Roaming\Code\User\globalStorage\redhat.java\1.45.0\config_win\org.eclipse.equinox.launcher\org.eclipse.equinox.launcher.win32.win32.x86_64_1.2.1400.v20250801-0854;C:\Users\HP\AppData\Local\Temp\jna-2312

VM Arguments:
jvm_args: --add-modules=ALL-SYSTEM --add-opens=java.base/java.util=ALL-UNNAMED --add-opens=java.base/java.lang=ALL-UNNAMED --add-opens=java.base/sun.nio.fs=ALL-UNNAMED -Declipse.application=org.eclipse.jdt.ls.core.id1 -Dosgi.bundles.defaultStartLevel=4 -Declipse.product=org.eclipse.jdt.ls.core.product -Djava.import.generatesMetadataFilesAtProjectRoot=false -DDetectVMInstallationsJob.disabled=true -Dfile.encoding=utf8 -XX:+UseParallelGC -XX:GCTimeRatio=4 -XX:AdaptiveSizePolicyWeight=90 -Dsun.zip.disableMemoryMapping=true -Xmx2G -Xms100m -Xlog:disable -javaagent:c:\Users\HP\.vscode\extensions\redhat.java-1.45.0-win32-x64\lombok\lombok-1.18.39-4050.jar -XX:+HeapDumpOnOutOfMemoryError -XX:HeapDumpPath=c:\Users\HP\AppData\Roaming\Code\User\workspaceStorage\93b953ca06b58dfc603e4bd48ddd228f\redhat.java -Daether.dependencyCollector.impl=bf 
java_command: c:\Users\HP\.vscode\extensions\redhat.java-1.45.0-win32-x64\server\plugins\org.eclipse.equinox.launcher_1.7.0.v20250519-0528.jar -configuration c:\Users\HP\AppData\Roaming\Code\User\globalStorage\redhat.java\1.45.0\config_win -data c:\Users\HP\AppData\Roaming\Code\User\workspaceStorage\93b953ca06b58dfc603e4bd48ddd228f\redhat.java\jdt_ws --pipe=\\.\pipe\lsp-da21e4bf6dd26b2c861f359821dc08d2-sock
java_class_path (initial): c:\Users\HP\.vscode\extensions\redhat.java-1.45.0-win32-x64\server\plugins\org.eclipse.equinox.launcher_1.7.0.v20250519-0528.jar
Launcher Type: SUN_STANDARD

[Global flags]
    uintx AdaptiveSizePolicyWeight                 = 90                                        {product} {command line}
     intx CICompilerCount                          = 4                                         {product} {ergonomic}
    uintx GCTimeRatio                              = 4                                         {product} {command line}
     bool HeapDumpOnOutOfMemoryError               = true                                   {manageable} {command line}
    ccstr HeapDumpPath                             = c:\Users\HP\AppData\Roaming\Code\User\workspaceStorage\93b953ca06b58dfc603e4bd48ddd228f\redhat.java         {manageable} {command line}
   size_t InitialHeapSize                          = 104857600                                 {product} {command line}
   size_t MaxHeapSize                              = 2147483648                                {product} {command line}
   size_t MaxNewSize                               = 715653120                                 {product} {ergonomic}
   size_t MinHeapDeltaBytes                        = 524288                                    {product} {ergonomic}
   size_t MinHeapSize                              = 104857600                                 {product} {command line}
   size_t NewSize                                  = 34603008                                  {product} {ergonomic}
    uintx NonNMethodCodeHeapSize                   = 5839372                                {pd product} {ergonomic}
    uintx NonProfiledCodeHeapSize                  = 122909434                              {pd product} {ergonomic}
   size_t OldSize                                  = 70254592                                  {product} {ergonomic}
    uintx ProfiledCodeHeapSize                     = 122909434                              {pd product} {ergonomic}
    uintx ReservedCodeCacheSize                    = 251658240                              {pd product} {ergonomic}
     bool SegmentedCodeCache                       = true                                      {product} {ergonomic}
   size_t SoftMaxHeapSize                          = 2147483648                             {manageable} {ergonomic}
     bool UseCompressedOops                        = true                           {product lp64_product} {ergonomic}
     bool UseLargePagesIndividualAllocation        = false                                  {pd product} {ergonomic}
     bool UseParallelGC                            = true                                      {product} {command line}

Logging:
Log output configuration:
 #0: stdout all=off uptime,level,tags foldmultilines=false
 #1: stderr all=off uptime,level,tags foldmultilines=false

Environment Variables:
PATH=C:\Program Files\Common Files\Oracle\Java\javapath;C:\Program Files (x86)\Common Files\Oracle\Java\java8path;C:\Program Files (x86)\Common Files\Oracle\Java\javapath;E:\softwares\Scripts\;E:\softwares\;C:\WINDOWS\system32;C:\WINDOWS;C:\WINDOWS\System32\Wbem;C:\WINDOWS\System32\WindowsPowerShell\v1.0\;C:\WINDOWS\System32\OpenSSH\;C:\ProgramData\chocolatey\bin;C:\MinGW\bin;E:\softwares\Git\cmd;C:\Program Files\nodejs\;C:\Program Files\Java\jdk-21\bin;C:\Program Files\Docker\Docker\resources\bin;C:\Program Files\Amazon\AWSCLIV2\;G:\apache-maven-3.9.11-bin\apache-maven-3.9.11\bin;C:\Users\HP\AppData\Local\Microsoft\WindowsApps;E:\softwares\Microsoft VS Code\bin;C:\Users\HP\AppData\Local\Programs\mongosh\;C:\Users\HP\AppData\Roaming\npm;;C:\Program Files\JetBrains\IntelliJ IDEA 2025.1.3\bin;
USERNAME=HP
OS=Windows_NT
PROCESSOR_IDENTIFIER=AMD64 Family 23 Model 104 Stepping 1, AuthenticAMD
TMP=C:\Users\HP\AppData\Local\Temp
TEMP=C:\Users\HP\AppData\Local\Temp




Periodic native trim disabled

---------------  S Y S T E M  ---------------

OS:
 Windows 11 , 64 bit Build 26100 (10.0.26100.5074)
OS uptime: 1 days 0:54 hours
Hyper-V role detected

CPU: total 12 (initial active 12) (12 cores per cpu, 2 threads per core) family 23 model 104 stepping 1 microcode 0x8608107, cx8, cmov, fxsr, ht, mmx, 3dnowpref, sse, sse2, sse3, ssse3, sse4a, sse4.1, sse4.2, popcnt, lzcnt, tsc, tscinvbit, avx, avx2, aes, clmul, bmi1, bmi2, adx, sha, fma, vzeroupper, clflush, clflushopt, hv, rdtscp, rdpid, f16c
Processor Information for processor 0
  Max Mhz: 2100, Current Mhz: 2100, Mhz Limit: 2100
Processor Information for processor 1
  Max Mhz: 2100, Current Mhz: 2100, Mhz Limit: 2100
Processor Information for processor 2
  Max Mhz: 2100, Current Mhz: 2100, Mhz Limit: 2100
Processor Information for processor 3
  Max Mhz: 2100, Current Mhz: 2100, Mhz Limit: 2100
Processor Information for processor 4
  Max Mhz: 2100, Current Mhz: 1988, Mhz Limit: 2100
Processor Information for processor 5
  Max Mhz: 2100, Current Mhz: 1988, Mhz Limit: 2100
Processor Information for processor 6
  Max Mhz: 2100, Current Mhz: 2100, Mhz Limit: 2100
Processor Information for processor 7
  Max Mhz: 2100, Current Mhz: 2100, Mhz Limit: 2100
Processor Information for processor 8
  Max Mhz: 2100, Current Mhz: 2100, Mhz Limit: 2100
Processor Information for processor 9
  Max Mhz: 2100, Current Mhz: 2100, Mhz Limit: 2100
Processor Information for processor 10
  Max Mhz: 2100, Current Mhz: 2100, Mhz Limit: 2100
Processor Information for processor 11
  Max Mhz: 2100, Current Mhz: 2100, Mhz Limit: 2100

Memory: 4k page, system-wide physical 7501M (957M free)
TotalPageFile size 25748M (AvailPageFile size 9830M)
current process WorkingSet (physical memory assigned to process): 1011M, peak: 1105M
current process commit charge ("private bytes"): 1771M, peak: 1771M

vm_info: OpenJDK 64-Bit Server VM (21.0.8+9-LTS) for windows-amd64 JRE (21.0.8+9-LTS), built on 2025-07-15T00:00:00Z by "admin" with MS VC++ 17.7 (VS2022)

END.
